<?xml version="1.0" encoding="UTF-8"?>
<!-- Generated by org.testng.reporters.JUnitReportReporter -->
<testsuite skipped="0" hostname="DESKTOP-6DIBS4R" name="com.mercury.testApp.LoginTest" tests="1" failures="0" timestamp="12 Apr 2019 05:12:33 GMT" time="15.882" errors="0">
  <testcase name="loginTest" time="15.882" classname="com.mercury.testApp.LoginTest"/>
</testsuite> <!-- com.mercury.testApp.LoginTest -->
