<?xml version="1.0" encoding="UTF-8"?>
<!-- Generated by org.testng.reporters.JUnitReportReporter -->
<testsuite skipped="0" hostname="DESKTOP-6DIBS4R" name="com.mercury.testApp.FlightConfirmationtest" tests="1" failures="0" timestamp="12 Apr 2019 05:12:33 GMT" time="27.975" errors="0">
  <testcase name="FlightConfirmTest" time="27.975" classname="com.mercury.testApp.FlightConfirmationtest"/>
</testsuite> <!-- com.mercury.testApp.FlightConfirmationtest -->
