<?xml version="1.0" encoding="UTF-8"?>
<!-- Generated by org.testng.reporters.JUnitReportReporter -->
<testsuite skipped="0" hostname="DESKTOP-6DIBS4R" name="com.mercury.testApp.SelectFlightTest" tests="1" failures="0" timestamp="12 Apr 2019 05:12:33 GMT" time="16.460" errors="0">
  <testcase name="selectFlightsTest" time="16.460" classname="com.mercury.testApp.SelectFlightTest"/>
</testsuite> <!-- com.mercury.testApp.SelectFlightTest -->
