<?xml version="1.0" encoding="UTF-8"?>
<!-- Generated by org.testng.reporters.JUnitReportReporter -->
<testsuite skipped="0" hostname="DESKTOP-6DIBS4R" name="com.mercury.testApp.BookFlightTest" tests="1" failures="0" timestamp="12 Apr 2019 05:12:33 GMT" time="25.382" errors="0">
  <testcase name="book_Flight_Test" time="25.382" classname="com.mercury.testApp.BookFlightTest"/>
</testsuite> <!-- com.mercury.testApp.BookFlightTest -->
